<?xml version="1.0" encoding="UTF-8"?>
<!-- Generated by org.testng.reporters.JUnitXMLReporter -->
<testsuite ignored="0" hostname="sparkout" failures="0" tests="4" name="Default test" time="114.088" errors="0" timestamp="2025-07-14T15:46:34 IST">
  <testcase classname="User_Dashboard.Runner_Class" name="landing" time="10.183"/>
  <testcase classname="User_Dashboard.Runner_Class" name="register" time="1.717"/>
  <testcase classname="User_Dashboard.Runner_Class" name="mailOTP" time="68.597"/>
  <testcase classname="User_Dashboard.Runner_Class" name="dashboard" time="31.07"/>
</testsuite> <!-- Default test -->
