<?xml version="1.0" encoding="UTF-8"?>
<!-- Generated by org.testng.reporters.JUnitReportReporter -->
<testsuite hostname="sparkout" failures="0" tests="4" name="User_Dashboard.Runner_Class" time="111.567" errors="0" timestamp="2025-07-14T15:46:34 IST" skipped="0">
  <testcase classname="User_Dashboard.Runner_Class" name="landing" time="10.183"/>
  <testcase classname="User_Dashboard.Runner_Class" name="register" time="1.717"/>
  <testcase classname="User_Dashboard.Runner_Class" name="mailOTP" time="68.597"/>
  <testcase classname="User_Dashboard.Runner_Class" name="dashboard" time="31.070"/>
</testsuite> <!-- User_Dashboard.Runner_Class -->
