<?xml version="1.0" encoding="UTF-8"?>
<!-- Generated by org.testng.reporters.JUnitReportReporter -->
<testsuite hostname="sparkout" failures="0" tests="4" name="User_Dashboard.Runner_Class" time="115.900" errors="0" timestamp="2025-07-15T11:13:36 IST" skipped="0">
  <testcase classname="User_Dashboard.Runner_Class" name="landing" time="15.737"/>
  <testcase classname="User_Dashboard.Runner_Class" name="register" time="2.660"/>
  <testcase classname="User_Dashboard.Runner_Class" name="mailOTP" time="67.067"/>
  <testcase classname="User_Dashboard.Runner_Class" name="dashboard" time="30.436"/>
</testsuite> <!-- User_Dashboard.Runner_Class -->
